2016-01-22 14:23:54.407 [localhost-startStop-1] ERROR org.springframework.web.context.ContextLoader [ContextLoader.java:331]-Context initialization failed
java.lang.IllegalArgumentException: Could not resolve placeholder 'profiles.active' in string value "${profiles.active}"
	at org.springframework.util.PropertyPlaceholderHelper.parseStringValue(PropertyPlaceholderHelper.java:174) ~[spring-core-4.0.3.RELEASE.jar:4.0.3.RELEASE]
	at org.springframework.util.PropertyPlaceholderHelper.replacePlaceholders(PropertyPlaceholderHelper.java:126) ~[spring-core-4.0.3.RELEASE.jar:4.0.3.RELEASE]
	at org.springframework.core.env.AbstractPropertyResolver.doResolvePlaceholders(AbstractPropertyResolver.java:194) ~[spring-core-4.0.3.RELEASE.jar:4.0.3.RELEASE]
	at org.springframework.core.env.AbstractPropertyResolver.resolveRequiredPlaceholders(AbstractPropertyResolver.java:158) ~[spring-core-4.0.3.RELEASE.jar:4.0.3.RELEASE]
	at org.springframework.core.env.AbstractPropertyResolver.resolveNestedPlaceholders(AbstractPropertyResolver.java:185) ~[spring-core-4.0.3.RELEASE.jar:4.0.3.RELEASE]
	at org.springframework.core.env.PropertySourcesPropertyResolver.getProperty(PropertySourcesPropertyResolver.java:87) ~[spring-core-4.0.3.RELEASE.jar:4.0.3.RELEASE]
	at org.springframework.core.env.PropertySourcesPropertyResolver.getProperty(PropertySourcesPropertyResolver.java:60) ~[spring-core-4.0.3.RELEASE.jar:4.0.3.RELEASE]
	at org.springframework.core.env.AbstractEnvironment.getProperty(AbstractEnvironment.java:465) ~[spring-core-4.0.3.RELEASE.jar:4.0.3.RELEASE]
	at org.springframework.core.env.AbstractEnvironment.doGetActiveProfiles(AbstractEnvironment.java:241) ~[spring-core-4.0.3.RELEASE.jar:4.0.3.RELEASE]
	at org.springframework.core.env.AbstractEnvironment.isProfileActive(AbstractEnvironment.java:337) ~[spring-core-4.0.3.RELEASE.jar:4.0.3.RELEASE]
	at org.springframework.core.env.AbstractEnvironment.acceptsProfiles(AbstractEnvironment.java:323) ~[spring-core-4.0.3.RELEASE.jar:4.0.3.RELEASE]
	at org.springframework.context.annotation.ProfileCondition.matches(ProfileCondition.java:39) ~[spring-context-4.0.3.RELEASE.jar:4.0.3.RELEASE]
	at org.springframework.context.annotation.ConditionEvaluator.shouldSkip(ConditionEvaluator.java:92) ~[spring-context-4.0.3.RELEASE.jar:4.0.3.RELEASE]
	at org.springframework.context.annotation.ConfigurationClassBeanDefinitionReader.loadBeanDefinitionsForBeanMethod(ConfigurationClassBeanDefinitionReader.java:174) ~[spring-context-4.0.3.RELEASE.jar:4.0.3.RELEASE]
	at org.springframework.context.annotation.ConfigurationClassBeanDefinitionReader.loadBeanDefinitionsForConfigurationClass(ConfigurationClassBeanDefinitionReader.java:136) ~[spring-context-4.0.3.RELEASE.jar:4.0.3.RELEASE]
	at org.springframework.context.annotation.ConfigurationClassBeanDefinitionReader.loadBeanDefinitions(ConfigurationClassBeanDefinitionReader.java:116) ~[spring-context-4.0.3.RELEASE.jar:4.0.3.RELEASE]
	at org.springframework.context.annotation.ConfigurationClassPostProcessor.processConfigBeanDefinitions(ConfigurationClassPostProcessor.java:324) ~[spring-context-4.0.3.RELEASE.jar:4.0.3.RELEASE]
	at org.springframework.context.annotation.ConfigurationClassPostProcessor.postProcessBeanDefinitionRegistry(ConfigurationClassPostProcessor.java:243) ~[spring-context-4.0.3.RELEASE.jar:4.0.3.RELEASE]
	at org.springframework.context.support.PostProcessorRegistrationDelegate.invokeBeanDefinitionRegistryPostProcessors(PostProcessorRegistrationDelegate.java:254) ~[spring-context-4.0.3.RELEASE.jar:4.0.3.RELEASE]
	at org.springframework.context.support.PostProcessorRegistrationDelegate.invokeBeanFactoryPostProcessors(PostProcessorRegistrationDelegate.java:94) ~[spring-context-4.0.3.RELEASE.jar:4.0.3.RELEASE]
	at org.springframework.context.support.AbstractApplicationContext.invokeBeanFactoryPostProcessors(AbstractApplicationContext.java:609) ~[spring-context-4.0.3.RELEASE.jar:4.0.3.RELEASE]
	at org.springframework.context.support.AbstractApplicationContext.refresh(AbstractApplicationContext.java:464) ~[spring-context-4.0.3.RELEASE.jar:4.0.3.RELEASE]
	at org.springframework.web.context.ContextLoader.configureAndRefreshWebApplicationContext(ContextLoader.java:403) ~[spring-web-4.0.3.RELEASE.jar:4.0.3.RELEASE]
	at org.springframework.web.context.ContextLoader.initWebApplicationContext(ContextLoader.java:306) ~[spring-web-4.0.3.RELEASE.jar:4.0.3.RELEASE]
	at org.springframework.web.context.ContextLoaderListener.contextInitialized(ContextLoaderListener.java:106) [spring-web-4.0.3.RELEASE.jar:4.0.3.RELEASE]
	at org.apache.catalina.core.StandardContext.listenerStart(StandardContext.java:4737) [tomcat-embed-core-8.0.5.jar:8.0.5]
	at org.apache.catalina.core.StandardContext.startInternal(StandardContext.java:5159) [tomcat-embed-core-8.0.5.jar:8.0.5]
	at org.apache.catalina.util.LifecycleBase.start(LifecycleBase.java:150) [tomcat-embed-core-8.0.5.jar:8.0.5]
	at org.apache.catalina.core.ContainerBase$StartChild.call(ContainerBase.java:1398) [tomcat-embed-core-8.0.5.jar:8.0.5]
	at org.apache.catalina.core.ContainerBase$StartChild.call(ContainerBase.java:1388) [tomcat-embed-core-8.0.5.jar:8.0.5]
	at java.util.concurrent.FutureTask.run(FutureTask.java:262) [na:1.7.0_60]
	at java.util.concurrent.ThreadPoolExecutor.runWorker(ThreadPoolExecutor.java:1145) [na:1.7.0_60]
	at java.util.concurrent.ThreadPoolExecutor$Worker.run(ThreadPoolExecutor.java:615) [na:1.7.0_60]
	at java.lang.Thread.run(Thread.java:745) [na:1.7.0_60]
